0 info it worked if it ends with ok
1 verbose cli [ '/usr/local/bin/node',
1 verbose cli   '/usr/local/bin/npm',
1 verbose cli   'install',
1 verbose cli   'node-pcap' ]
2 info using npm@2.15.9
3 info using node@v4.5.0
4 verbose install initial load of /Users/jaircarvalho/dev/MACSniffer/package.json
5 verbose readDependencies loading dependencies from /Users/jaircarvalho/dev/MACSniffer/package.json
6 silly cache add args [ 'node-pcap', null ]
7 verbose cache add spec node-pcap
8 silly cache add parsed spec Result {
8 silly cache add   raw: 'node-pcap',
8 silly cache add   scope: null,
8 silly cache add   name: 'node-pcap',
8 silly cache add   rawSpec: '',
8 silly cache add   spec: 'latest',
8 silly cache add   type: 'tag' }
9 silly addNamed node-pcap@latest
10 verbose addNamed "latest" is being treated as a dist-tag for node-pcap
11 info addNameTag [ 'node-pcap', 'latest' ]
12 silly mapToRegistry name node-pcap
13 silly mapToRegistry using default registry
14 silly mapToRegistry registry https://registry.npmjs.org/
15 silly mapToRegistry data Result {
15 silly mapToRegistry   raw: 'node-pcap',
15 silly mapToRegistry   scope: null,
15 silly mapToRegistry   name: 'node-pcap',
15 silly mapToRegistry   rawSpec: '',
15 silly mapToRegistry   spec: 'latest',
15 silly mapToRegistry   type: 'tag' }
16 silly mapToRegistry uri https://registry.npmjs.org/node-pcap
17 verbose addNameTag registry:https://registry.npmjs.org/node-pcap not in flight; fetching
18 verbose request uri https://registry.npmjs.org/node-pcap
19 verbose request no auth needed
20 info attempt registry request try #1 at 1:18:31 PM
21 verbose request id ef0847c66d137b3a
22 http request GET https://registry.npmjs.org/node-pcap
23 http 200 https://registry.npmjs.org/node-pcap
24 verbose headers { server: 'nginx/1.10.1',
24 verbose headers   'content-type': 'application/json',
24 verbose headers   'last-modified': 'Wed, 31 Oct 2012 12:41:26 GMT',
24 verbose headers   etag: 'W/"50911c76-4bc"',
24 verbose headers   'content-encoding': 'gzip',
24 verbose headers   'cache-control': 'max-age=300',
24 verbose headers   'content-length': '520',
24 verbose headers   'accept-ranges': 'bytes',
24 verbose headers   date: 'Fri, 12 May 2017 16:18:31 GMT',
24 verbose headers   via: '1.1 varnish',
24 verbose headers   age: '0',
24 verbose headers   connection: 'keep-alive',
24 verbose headers   'x-served-by': 'cache-gru7126-GRU',
24 verbose headers   'x-cache': 'MISS',
24 verbose headers   'x-cache-hits': '0',
24 verbose headers   'x-timer': 'S1494605911.393579,VS0,VE196',
24 verbose headers   vary: 'Accept-Encoding' }
25 silly get cb [ 200,
25 silly get   { server: 'nginx/1.10.1',
25 silly get     'content-type': 'application/json',
25 silly get     'last-modified': 'Wed, 31 Oct 2012 12:41:26 GMT',
25 silly get     etag: 'W/"50911c76-4bc"',
25 silly get     'content-encoding': 'gzip',
25 silly get     'cache-control': 'max-age=300',
25 silly get     'content-length': '520',
25 silly get     'accept-ranges': 'bytes',
25 silly get     date: 'Fri, 12 May 2017 16:18:31 GMT',
25 silly get     via: '1.1 varnish',
25 silly get     age: '0',
25 silly get     connection: 'keep-alive',
25 silly get     'x-served-by': 'cache-gru7126-GRU',
25 silly get     'x-cache': 'MISS',
25 silly get     'x-cache-hits': '0',
25 silly get     'x-timer': 'S1494605911.393579,VS0,VE196',
25 silly get     vary: 'Accept-Encoding' } ]
26 verbose get saving node-pcap to /Users/jaircarvalho/.npm/registry.npmjs.org/node-pcap/.cache.json
27 verbose correctMkdir /Users/jaircarvalho/.npm correctMkdir not in flight; initializing
28 silly addNameTag next cb for node-pcap with tag latest
29 silly addNamed node-pcap@0.1.0
30 verbose addNamed "0.1.0" is a plain semver version for node-pcap
31 silly mapToRegistry name node-pcap
32 silly mapToRegistry using default registry
33 silly mapToRegistry registry https://registry.npmjs.org/
34 silly mapToRegistry data Result {
34 silly mapToRegistry   raw: 'node-pcap',
34 silly mapToRegistry   scope: null,
34 silly mapToRegistry   name: 'node-pcap',
34 silly mapToRegistry   rawSpec: '',
34 silly mapToRegistry   spec: 'latest',
34 silly mapToRegistry   type: 'tag' }
35 silly mapToRegistry uri https://registry.npmjs.org/node-pcap
36 verbose addRemoteTarball https://registry.npmjs.org/node-pcap/-/node-pcap-0.1.0.tgz not in flight; adding
37 verbose addRemoteTarball [ 'https://registry.npmjs.org/node-pcap/-/node-pcap-0.1.0.tgz',
37 verbose addRemoteTarball   'd06691136861f722147017ae4a5ac9f757bff0b6' ]
38 info retry fetch attempt 1 at 1:18:31 PM
39 info attempt registry request try #1 at 1:18:31 PM
40 http fetch GET https://registry.npmjs.org/node-pcap/-/node-pcap-0.1.0.tgz
41 http fetch 200 https://registry.npmjs.org/node-pcap/-/node-pcap-0.1.0.tgz
42 silly fetchAndShaCheck shasum d06691136861f722147017ae4a5ac9f757bff0b6
43 verbose addTmpTarball /tmp/npm-5880-dcc0bbc1/registry.npmjs.org/node-pcap/-/node-pcap-0.1.0.tgz not in flight; adding
44 verbose addTmpTarball already have metadata; skipping unpack for node-pcap@0.1.0
45 verbose correctMkdir /Users/jaircarvalho/.npm correctMkdir not in flight; initializing
46 silly cache afterAdd node-pcap@0.1.0
47 verbose afterAdd /Users/jaircarvalho/.npm/node-pcap/0.1.0/package/package.json not in flight; writing
48 verbose correctMkdir /Users/jaircarvalho/.npm correctMkdir not in flight; initializing
49 verbose afterAdd /Users/jaircarvalho/.npm/node-pcap/0.1.0/package/package.json written
50 silly install resolved [ { name: 'node-pcap',
50 silly install resolved     version: '0.1.0',
50 silly install resolved     description: 'raw packet capture',
50 silly install resolved     author: { name: 'John T. Saxon', email: 'jts@sacko.co.uk' },
50 silly install resolved     repository: { type: 'git', url: 'git://github.com/sacko87/node-pcap.git' },
50 silly install resolved     scripts: { install: 'node-gyp rebuild' },
50 silly install resolved     gypfile: true,
50 silly install resolved     readme: '# node-pcap\nPacket capture for Node.js\n',
50 silly install resolved     readmeFilename: 'README.md',
50 silly install resolved     _id: 'node-pcap@0.1.0',
50 silly install resolved     dist:
50 silly install resolved      { shasum: 'd06691136861f722147017ae4a5ac9f757bff0b6',
50 silly install resolved        tarball: 'https://registry.npmjs.org/node-pcap/-/node-pcap-0.1.0.tgz' },
50 silly install resolved     _npmVersion: '1.1.64',
50 silly install resolved     _npmUser: { name: 'sacko87', email: 'me@sacko.co.uk' },
50 silly install resolved     maintainers: [ [Object] ],
50 silly install resolved     directories: {},
50 silly install resolved     _shasum: 'd06691136861f722147017ae4a5ac9f757bff0b6',
50 silly install resolved     _resolved: 'https://registry.npmjs.org/node-pcap/-/node-pcap-0.1.0.tgz',
50 silly install resolved     _from: 'node-pcap@latest' } ]
51 info install node-pcap@0.1.0 into /Users/jaircarvalho/dev/MACSniffer
52 info installOne node-pcap@0.1.0
53 verbose installOne of node-pcap to /Users/jaircarvalho/dev/MACSniffer not in flight; installing
54 verbose correctMkdir /Users/jaircarvalho/.npm/_locks correctMkdir not in flight; initializing
55 verbose lock using /Users/jaircarvalho/.npm/_locks/node-pcap-839b7a7c257746bf.lock for /Users/jaircarvalho/dev/MACSniffer/node_modules/node-pcap
56 silly install write writing node-pcap 0.1.0 to /Users/jaircarvalho/dev/MACSniffer/node_modules/node-pcap
57 verbose unbuild node_modules/node-pcap
58 silly gentlyRm /Users/jaircarvalho/dev/MACSniffer/node_modules/node-pcap is being purged from base /Users/jaircarvalho/dev/MACSniffer
59 verbose gentlyRm don't care about contents; nuking /Users/jaircarvalho/dev/MACSniffer/node_modules/node-pcap
60 verbose tar unpack /Users/jaircarvalho/.npm/node-pcap/0.1.0/package.tgz
61 verbose tar unpacking to /Users/jaircarvalho/dev/MACSniffer/node_modules/node-pcap
62 silly gentlyRm /Users/jaircarvalho/dev/MACSniffer/node_modules/node-pcap is being purged
63 verbose gentlyRm don't care about contents; nuking /Users/jaircarvalho/dev/MACSniffer/node_modules/node-pcap
64 silly gunzTarPerm modes [ '755', '644' ]
65 silly gunzTarPerm extractEntry package.json
66 silly gunzTarPerm extractEntry .npmignore
67 silly gunzTarPerm extractEntry README.md
68 silly gunzTarPerm extractEntry index.js
69 silly gunzTarPerm extractEntry binding.gyp
70 silly gunzTarPerm extractEntry doxygen.conf
71 silly gunzTarPerm extractEntry examples/grep.js
72 silly gunzTarPerm extractEntry src/Pcap.cpp
73 silly gunzTarPerm extractEntry src/Pcap.h
74 silly gunzTarPerm extractEntry test/findAllDevices.js
75 silly gunzTarPerm extractEntry test/libraryVersion.js
76 verbose write writing to /Users/jaircarvalho/dev/MACSniffer/node_modules/node-pcap/package.json
77 info preinstall node-pcap@0.1.0
78 verbose readDependencies loading dependencies from /Users/jaircarvalho/dev/MACSniffer/node_modules/node-pcap/package.json
79 verbose readDependencies loading dependencies from /Users/jaircarvalho/dev/MACSniffer/node_modules/node-pcap/package.json
80 silly install resolved []
81 verbose about to build /Users/jaircarvalho/dev/MACSniffer/node_modules/node-pcap
82 info build /Users/jaircarvalho/dev/MACSniffer/node_modules/node-pcap
83 info linkStuff node-pcap@0.1.0
84 silly linkStuff node-pcap@0.1.0 has /Users/jaircarvalho/dev/MACSniffer/node_modules as its parent node_modules
85 verbose linkBins node-pcap@0.1.0
86 verbose linkMans node-pcap@0.1.0
87 verbose rebuildBundles node-pcap@0.1.0
88 info install node-pcap@0.1.0
89 verbose unsafe-perm in lifecycle false
90 info node-pcap@0.1.0 Failed to exec install script
91 verbose unlock done using /Users/jaircarvalho/.npm/_locks/node-pcap-839b7a7c257746bf.lock for /Users/jaircarvalho/dev/MACSniffer/node_modules/node-pcap
92 verbose stack Error: node-pcap@0.1.0 install: `node-gyp rebuild`
92 verbose stack Exit status 1
92 verbose stack     at EventEmitter.<anonymous> (/usr/local/lib/node_modules/npm/lib/utils/lifecycle.js:217:16)
92 verbose stack     at emitTwo (events.js:87:13)
92 verbose stack     at EventEmitter.emit (events.js:172:7)
92 verbose stack     at ChildProcess.<anonymous> (/usr/local/lib/node_modules/npm/lib/utils/spawn.js:24:14)
92 verbose stack     at emitTwo (events.js:87:13)
92 verbose stack     at ChildProcess.emit (events.js:172:7)
92 verbose stack     at maybeClose (internal/child_process.js:829:16)
92 verbose stack     at Process.ChildProcess._handle.onexit (internal/child_process.js:211:5)
93 verbose pkgid node-pcap@0.1.0
94 verbose cwd /Users/jaircarvalho/dev/MACSniffer
95 error Darwin 16.5.0
96 error argv "/usr/local/bin/node" "/usr/local/bin/npm" "install" "node-pcap"
97 error node v4.5.0
98 error npm  v2.15.9
99 error code ELIFECYCLE
100 error node-pcap@0.1.0 install: `node-gyp rebuild`
100 error Exit status 1
101 error Failed at the node-pcap@0.1.0 install script 'node-gyp rebuild'.
101 error This is most likely a problem with the node-pcap package,
101 error not with npm itself.
101 error Tell the author that this fails on your system:
101 error     node-gyp rebuild
101 error You can get information on how to open an issue for this project with:
101 error     npm bugs node-pcap
101 error Or if that isn't available, you can get their info via:
101 error
101 error     npm owner ls node-pcap
101 error There is likely additional logging output above.
102 verbose exit [ 1, true ]
103 verbose unbuild node_modules/node-pcap
104 info preuninstall node-pcap@0.1.0
105 info uninstall node-pcap@0.1.0
106 verbose unbuild rmStuff node-pcap@0.1.0 from /Users/jaircarvalho/dev/MACSniffer/node_modules
107 info postuninstall node-pcap@0.1.0
108 silly gentlyRm /Users/jaircarvalho/dev/MACSniffer/node_modules/node-pcap is being purged from base /Users/jaircarvalho/dev/MACSniffer
109 verbose gentlyRm don't care about contents; nuking /Users/jaircarvalho/dev/MACSniffer/node_modules/node-pcap
110 silly vacuum-fs purging /Users/jaircarvalho/dev/MACSniffer/node_modules/node-pcap
111 silly vacuum-fs removing /Users/jaircarvalho/dev/MACSniffer/node_modules
112 silly vacuum-fs finished vacuuming up to /Users/jaircarvalho/dev/MACSniffer
